<?xml version="1.0" encoding="UTF-8"?>
<!-- Generated by org.testng.reporters.JUnitReportReporter -->
<testsuite hostname="TYSS-Shobha" failures="0" tests="1" name="Pratice.Sample" time="0.000" errors="0" timestamp="2022-08-08T12:47:44 IST" skipped="0">
  <testcase classname="Pratice.Sample" name="DeleteContact" time="0.000"/>
  <system-out/>
</testsuite> <!-- Pratice.Sample -->
