<?xml version="1.0" encoding="UTF-8"?>
<!-- Generated by org.testng.reporters.JUnitReportReporter -->
<testsuite hostname="TYSS-Shobha" failures="0" tests="1" name="Pratice.RunTimeParameterFromEclipse" time="0.012" errors="0" timestamp="2022-08-11T16:07:49 IST" skipped="0">
  <testcase classname="Pratice.RunTimeParameterFromEclipse" name="getRunTimeData" time="0.012"/>
  <system-out/>
</testsuite> <!-- Pratice.RunTimeParameterFromEclipse -->
