<?xml version="1.0" encoding="UTF-8"?>
<!-- Generated by org.testng.reporters.JUnitReportReporter -->
<testsuite hostname="TYSS-Shobha" failures="0" tests="5" name="Pratice.DataProviderTest" time="0.007" errors="0" timestamp="2022-08-03T15:10:44 IST" skipped="0">
  <testcase classname="Pratice.DataProviderTest" name="bookTicket" time="0.000"/>
  <system-out/>
  <testcase classname="Pratice.DataProviderTest" name="bookTicket" time="0.001"/>
  <system-out/>
  <testcase classname="Pratice.DataProviderTest" name="bookTicket" time="0.004"/>
  <system-out/>
  <testcase classname="Pratice.DataProviderTest" name="bookTicket" time="0.001"/>
  <system-out/>
  <testcase classname="Pratice.DataProviderTest" name="bookTicket" time="0.001"/>
  <system-out/>
</testsuite> <!-- Pratice.DataProviderTest -->
