<?xml version="1.0" encoding="UTF-8"?>
<!-- Generated by org.testng.reporters.JUnitReportReporter -->
<testsuite hostname="TYSS-Shobha" failures="0" tests="1" name="com.crm.Sdet.Campaign.CreateCampaignWithProductName" time="19.935" errors="0" timestamp="2022-08-03T15:50:14 IST" skipped="0">
  <testcase classname="com.crm.Sdet.Campaign.CreateCampaignWithProductName" name="createCampWithProduct" time="19.935"/>
  <system-out/>
</testsuite> <!-- com.crm.Sdet.Campaign.CreateCampaignWithProductName -->
