<?xml version="1.0" encoding="UTF-8"?>
<!-- Generated by org.testng.reporters.JUnitReportReporter -->
<testsuite hostname="TYSS-Shobha" failures="0" tests="1" name="com.crm.Sdet.Product.CreateProductTest" time="12.926" errors="0" timestamp="2022-08-11T15:53:15 IST" skipped="0">
  <testcase classname="com.crm.Sdet.Product.CreateProductTest" name="createProduct" time="12.926"/>
  <system-out/>
</testsuite> <!-- com.crm.Sdet.Product.CreateProductTest -->
