<?xml version="1.0" encoding="UTF-8"?>
<!-- Generated by org.testng.reporters.JUnitReportReporter -->
<testsuite hostname="TYSS-Shobha" failures="0" tests="1" name="com.crm.Sdet.organization.CreateOrganization" time="15.233" errors="0" timestamp="2022-08-07T16:32:21 IST" skipped="0">
  <testcase classname="com.crm.Sdet.organization.CreateOrganization" name="createOrganization" time="15.233"/>
  <system-out/>
</testsuite> <!-- com.crm.Sdet.organization.CreateOrganization -->
