<?xml version="1.0" encoding="UTF-8"?>
<!-- Generated by org.testng.reporters.JUnitReportReporter -->
<testsuite hostname="TYSS-Shobha" failures="0" tests="1" name="com.crm.Sdet.Product.createProductAndDelete" time="12.381" errors="0" timestamp="2022-08-03T15:51:41 IST" skipped="0">
  <testcase classname="com.crm.Sdet.Product.createProductAndDelete" name="createProductAndDelete" time="12.381"/>
  <system-out/>
</testsuite> <!-- com.crm.Sdet.Product.createProductAndDelete -->
